<?xml version="1.0" encoding="UTF-8"?>
<testng-results skipped="0" failed="0" total="1" passed="1">
  <reporter-output>
  </reporter-output>
  <suite name="Suite" duration-ms="20018" started-at="2019-04-06T11:03:59Z" finished-at="2019-04-06T11:04:19Z">
    <groups>
    </groups>
    <test name="Amazon Automation" duration-ms="20018" started-at="2019-04-06T11:03:59Z" finished-at="2019-04-06T11:04:19Z">
      <class name="com.Go_Jek.Amazon.MainTestPackage.AmazonCartMainclass">
        <test-method status="PASS" signature="InitiateDriver(java.lang.String)[pri:0, instance:com.Go_Jek.Amazon.MainTestPackage.AmazonCartMainclass@5d5eef3d]" name="InitiateDriver" is-config="true" duration-ms="16982" started-at="2019-04-06T16:33:59Z" finished-at="2019-04-06T16:34:16Z">
          <params>
            <param index="0">
              <value>
                <![CDATA[Chrome]]>
              </value>
            </param>
          </params>
          <reporter-output>
          </reporter-output>
        </test-method> <!-- InitiateDriver -->
        <test-method status="PASS" signature="DirectToCreateCampaignScreen()[pri:0, instance:com.Go_Jek.Amazon.MainTestPackage.AmazonCartMainclass@5d5eef3d]" name="DirectToCreateCampaignScreen" duration-ms="5" started-at="2019-04-06T16:34:16Z" finished-at="2019-04-06T16:34:16Z">
          <reporter-output>
          </reporter-output>
        </test-method> <!-- DirectToCreateCampaignScreen -->
        <test-method status="PASS" signature="DriverClose()[pri:0, instance:com.Go_Jek.Amazon.MainTestPackage.AmazonCartMainclass@5d5eef3d]" name="DriverClose" is-config="true" duration-ms="3021" started-at="2019-04-06T16:34:16Z" finished-at="2019-04-06T16:34:19Z">
          <reporter-output>
          </reporter-output>
        </test-method> <!-- DriverClose -->
      </class> <!-- com.Go_Jek.Amazon.MainTestPackage.AmazonCartMainclass -->
    </test> <!-- Amazon Automation -->
  </suite> <!-- Suite -->
</testng-results>
